<?xml version="1.0" encoding="UTF-8"?>
<testsuite name="com.libertymutual.goforcode.wimp.api.StarsApiControllerTests" time="0.006" tests="4" errors="0" skipped="0" failures="0">
  <properties>
[...]
</properties>
  <testcase name="getOne_with_a_valid_id_returns_a_single_actor" classname="com.libertymutual.goforcode.wimp.api.StarsApiControllerTests" time="0"/>
  <testcase name="getOne_with_an_invalid_id_returns_a_single_award" classname="com.libertymutual.goforcode.wimp.api.StarsApiControllerTests" time="0.001"/>
  <testcase name="create_associates_a_movie_with_an_actor_when_it_is_not_already_listed" classname="com.libertymutual.goforcode.wimp.api.StarsApiControllerTests" time="0.003"/>
  <testcase name="create_does_not_associate_a_movie_with_an_actor_if_they_are_already_in_it" classname="com.libertymutual.goforcode.wimp.api.StarsApiControllerTests" time="0.002"/>
</testsuite>